<?xml version="1.0" encoding="UTF-8"?>
<!-- Generated by org.testng.reporters.JUnitReportReporter -->
<testsuite skipped="0" hostname="WIN-LHKDRQMB9BR" name="SeleniumFourthTest" tests="1" failures="0" timestamp="2021-09-05T23:13:16 EEST" time="11.808" errors="0">
  <testcase name="SeleniumFourthTest" time="11.808" classname="SeleniumFourthTest"/>
  <system-out/>
</testsuite> <!-- SeleniumFourthTest -->
