<?xml version="1.0" encoding="UTF-8"?>
<!-- Generated by org.testng.reporters.JUnitReportReporter -->
<testsuite skipped="0" hostname="WIN-LHKDRQMB9BR" name="SeleniumFifthTest" tests="1" failures="0" timestamp="2021-09-02T20:17:30 EEST" time="9.013" errors="0">
  <testcase name="daySelectFriday" time="9.013" classname="SeleniumFifthTest"/>
  <system-out/>
</testsuite> <!-- SeleniumFifthTest -->
