<?xml version="1.0" encoding="UTF-8"?>
<!-- Generated by org.testng.reporters.JUnitReportReporter -->
<testsuite skipped="0" hostname="WIN-LHKDRQMB9BR" name="SeleniumNinthTest" tests="1" failures="0" timestamp="2021-09-05T23:13:16 EEST" time="9.569" errors="0">
  <testcase name="TestNinthSolution" time="9.569" classname="SeleniumNinthTest"/>
  <system-out/>
</testsuite> <!-- SeleniumNinthTest -->
