<?xml version="1.0" encoding="UTF-8"?>
<!-- Generated by org.testng.reporters.JUnitReportReporter -->
<testsuite skipped="0" hostname="WIN-LHKDRQMB9BR" name="SeleniumFirstTest" tests="1" failures="0" timestamp="2021-09-02T20:17:30 EEST" time="11.445" errors="0">
  <testcase name="SeleniumFirstTest" time="11.445" classname="SeleniumFirstTest"/>
  <system-out/>
</testsuite> <!-- SeleniumFirstTest -->
