<?xml version="1.0" encoding="UTF-8"?>
<!-- Generated by org.testng.reporters.JUnitReportReporter -->
<testsuite skipped="0" hostname="WIN-LHKDRQMB9BR" name="SeleniumTenthTest" tests="1" failures="0" timestamp="2021-09-05T23:13:16 EEST" time="15.516" errors="0">
  <testcase name="checkOrangSmiles" time="15.516" classname="SeleniumTenthTest"/>
  <system-out/>
</testsuite> <!-- SeleniumTenthTest -->
