<?xml version="1.0" encoding="UTF-8"?>
<!-- Generated by org.testng.reporters.JUnitReportReporter -->
<testsuite skipped="0" hostname="WIN-LHKDRQMB9BR" name="SeleniumSecondTest" tests="2" failures="0" timestamp="2021-09-05T23:13:16 EEST" time="36.107" errors="0">
  <testcase name="SeleniumSecondTest" time="21.589" classname="SeleniumSecondTest"/>
  <system-out/>
  <testcase name="SeleniumFirstTest" time="14.518" classname="SeleniumSecondTest"/>
  <system-out/>
</testsuite> <!-- SeleniumSecondTest -->
