<?xml version="1.0" encoding="UTF-8"?>
<!-- Generated by org.testng.reporters.JUnitReportReporter -->
<testsuite skipped="0" hostname="WIN-LHKDRQMB9BR" name="SeleniumEleventhTest" tests="1" failures="0" timestamp="2021-09-05T23:13:16 EEST" time="11.491" errors="0">
  <testcase name="checkTestAppears" time="11.491" classname="SeleniumEleventhTest"/>
  <system-out/>
</testsuite> <!-- SeleniumEleventhTest -->
